


ARM Macro Assembler    Page 1 


    1 00000000         ;******************** (C) COPYRIGHT 2011 STMicroelectron
                       ics ********************
    2 00000000         ;* File Name          : startup_stm32f10x_hd.s
    3 00000000         ;* Author             : MCD Application Team
    4 00000000         ;* Version            : V3.5.0
    5 00000000         ;* Date               : 11-March-2011
    6 00000000         ;* Description        : STM32F10x High Density Devices v
                       ector table for MDK-ARM 
    7 00000000         ;*                      toolchain. 
    8 00000000         ;*                      This module performs:
    9 00000000         ;*                      - Set the initial SP
   10 00000000         ;*                      - Set the initial PC == Reset_Ha
                       ndler
   11 00000000         ;*                      - Set the vector table entries w
                       ith the exceptions ISR address
   12 00000000         ;*                      - Configure the clock system and
                        also configure the external 
   13 00000000         ;*                        SRAM mounted on STM3210E-EVAL 
                       board to be used as data 
   14 00000000         ;*                        memory (optional, to be enable
                       d by user)
   15 00000000         ;*                      - Branches to __main in the C li
                       brary (which eventually
   16 00000000         ;*                        calls main()).
   17 00000000         ;*                      After Reset the CortexM3 process
                       or is in Thread mode,
   18 00000000         ;*                      priority is Privileged, and the 
                       Stack is set to Main.
   19 00000000         ;* <<< Use Configuration Wizard in Context Menu >>>   
   20 00000000         ;*******************************************************
                       ************************
   21 00000000         ; THE PRESENT FIRMWARE WHICH IS FOR GUIDANCE ONLY AIMS A
                       T PROVIDING CUSTOMERS
   22 00000000         ; WITH CODING INFORMATION REGARDING THEIR PRODUCTS IN OR
                       DER FOR THEM TO SAVE TIME.
   23 00000000         ; AS A RESULT, STMICROELECTRONICS SHALL NOT BE HELD LIAB
                       LE FOR ANY DIRECT,
   24 00000000         ; INDIRECT OR CONSEQUENTIAL DAMAGES WITH RESPECT TO ANY 
                       CLAIMS ARISING FROM THE
   25 00000000         ; CONTENT OF SUCH FIRMWARE AND/OR THE USE MADE BY CUSTOM
                       ERS OF THE CODING
   26 00000000         ; INFORMATION CONTAINED HEREIN IN CONNECTION WITH THEIR 
                       PRODUCTS.
   27 00000000         ;*******************************************************
                       ************************
   28 00000000         
   29 00000000         ; Amount of memory (in bytes) allocated for Stack
   30 00000000         ; Tailor this value to your application needs
   31 00000000         ; <h> Stack Configuration
   32 00000000         ;   <o> Stack Size (in Bytes) <0x0-0xFFFFFFFF:8>
   33 00000000         ; </h>
   34 00000000         
   35 00000000 00000400 
                       Stack_Size
                               EQU              0x00000400
   36 00000000         
   37 00000000                 AREA             STACK, NOINIT, READWRITE, ALIGN
=3
   38 00000000         Stack_Mem



ARM Macro Assembler    Page 2 


                               SPACE            Stack_Size
   39 00000400         __initial_sp
   40 00000400         
   41 00000400         ; <h> Heap Configuration
   42 00000400         ;   <o>  Heap Size (in Bytes) <0x0-0xFFFFFFFF:8>
   43 00000400         ; </h>
   44 00000400         
   45 00000400 00000200 
                       Heap_Size
                               EQU              0x00000200
   46 00000400         
   47 00000400                 AREA             HEAP, NOINIT, READWRITE, ALIGN=
3
   48 00000000         __heap_base
   49 00000000         Heap_Mem
                               SPACE            Heap_Size
   50 00000200         __heap_limit
   51 00000200         
   52 00000200                 PRESERVE8
   53 00000200                 THUMB
   54 00000200         
   55 00000200         
   56 00000200         ; Vector Table Mapped to Address 0 at Reset
   57 00000200                 AREA             RESET, DATA, READONLY
   58 00000000                 EXPORT           __Vectors
   59 00000000                 EXPORT           __Vectors_End
   60 00000000                 EXPORT           __Vectors_Size
   61 00000000                 IMPORT           led_flash
   62 00000000         
   63 00000000 00000000 
                       __Vectors
                               DCD              led_flash   ; Top of Stack
   64 00000004 00000000        DCD              Reset_Handler ; Reset Handler
   65 00000008 00000000        DCD              NMI_Handler ; NMI Handler
   66 0000000C 00000000        DCD              HardFault_Handler ; Hard Fault 
                                                            Handler
   67 00000010 00000000        DCD              MemManage_Handler 
                                                            ; MPU Fault Handler
                                                            
   68 00000014 00000000        DCD              BusFault_Handler 
                                                            ; Bus Fault Handler
                                                            
   69 00000018 00000000        DCD              UsageFault_Handler ; Usage Faul
                                                            t Handler
   70 0000001C 00000000        DCD              0           ; Reserved
   71 00000020 00000000        DCD              0           ; Reserved
   72 00000024 00000000        DCD              0           ; Reserved
   73 00000028 00000000        DCD              0           ; Reserved
   74 0000002C         
   75 0000002C         __Vectors_End
   76 0000002C         
   77 0000002C 0000002C 
                       __Vectors_Size
                               EQU              __Vectors_End - __Vectors
   78 0000002C         
   79 0000002C                 AREA             |.text|, CODE, READONLY
   80 00000000         
   81 00000000         ; Reset handler
   82 00000000         Reset_Handler



ARM Macro Assembler    Page 3 


                               PROC
   83 00000000                 EXPORT           Reset_Handler             [WEAK
]
   84 00000000                 IMPORT           main
   85 00000000         
   86 00000000 4808            LDR              R0, =main
   87 00000002 4700            BX               R0
   88 00000004                 ENDP
   89 00000004         
   90 00000004         ; Dummy Exception Handlers (infinite loops which can be 
                       modified)
   91 00000004         
   92 00000004         NMI_Handler
                               PROC
   93 00000004                 EXPORT           NMI_Handler                [WEA
K]
   94 00000004 E7FE            B                .
   95 00000006                 ENDP
   97 00000006         HardFault_Handler
                               PROC
   98 00000006                 EXPORT           HardFault_Handler          [WEA
K]
   99 00000006 E7FE            B                .
  100 00000008                 ENDP
  102 00000008         MemManage_Handler
                               PROC
  103 00000008                 EXPORT           MemManage_Handler          [WEA
K]
  104 00000008 E7FE            B                .
  105 0000000A                 ENDP
  107 0000000A         BusFault_Handler
                               PROC
  108 0000000A                 EXPORT           BusFault_Handler           [WEA
K]
  109 0000000A E7FE            B                .
  110 0000000C                 ENDP
  112 0000000C         UsageFault_Handler
                               PROC
  113 0000000C                 EXPORT           UsageFault_Handler         [WEA
K]
  114 0000000C E7FE            B                .
  115 0000000E                 ENDP
  116 0000000E         SVC_Handler
                               PROC
  117 0000000E                 EXPORT           SVC_Handler                [WEA
K]
  118 0000000E E7FE            B                .
  119 00000010                 ENDP
  121 00000010         DebugMon_Handler
                               PROC
  122 00000010                 EXPORT           DebugMon_Handler           [WEA
K]
  123 00000010 E7FE            B                .
  124 00000012                 ENDP
  125 00000012         PendSV_Handler
                               PROC
  126 00000012                 EXPORT           PendSV_Handler             [WEA
K]
  127 00000012 E7FE            B                .



ARM Macro Assembler    Page 4 


  128 00000014                 ENDP
  129 00000014         SysTick_Handler
                               PROC
  130 00000014                 EXPORT           SysTick_Handler            [WEA
K]
  131 00000014 E7FE            B                .
  132 00000016                 ENDP
  133 00000016         
  134 00000016         Default_Handler
                               PROC
  135 00000016         
  136 00000016                 EXPORT           WWDG_IRQHandler            [WEA
K]
  137 00000016                 EXPORT           PVD_IRQHandler             [WEA
K]
  138 00000016                 EXPORT           TAMPER_IRQHandler          [WEA
K]
  139 00000016                 EXPORT           RTC_IRQHandler             [WEA
K]
  140 00000016                 EXPORT           FLASH_IRQHandler           [WEA
K]
  141 00000016                 EXPORT           RCC_IRQHandler             [WEA
K]
  142 00000016                 EXPORT           EXTI0_IRQHandler           [WEA
K]
  143 00000016                 EXPORT           EXTI1_IRQHandler           [WEA
K]
  144 00000016                 EXPORT           EXTI2_IRQHandler           [WEA
K]
  145 00000016                 EXPORT           EXTI3_IRQHandler           [WEA
K]
  146 00000016                 EXPORT           EXTI4_IRQHandler           [WEA
K]
  147 00000016                 EXPORT           DMA1_Channel1_IRQHandler   [WEA
K]
  148 00000016                 EXPORT           DMA1_Channel2_IRQHandler   [WEA
K]
  149 00000016                 EXPORT           DMA1_Channel3_IRQHandler   [WEA
K]
  150 00000016                 EXPORT           DMA1_Channel4_IRQHandler   [WEA
K]
  151 00000016                 EXPORT           DMA1_Channel5_IRQHandler   [WEA
K]
  152 00000016                 EXPORT           DMA1_Channel6_IRQHandler   [WEA
K]
  153 00000016                 EXPORT           DMA1_Channel7_IRQHandler   [WEA
K]
  154 00000016                 EXPORT           ADC1_2_IRQHandler          [WEA
K]
  155 00000016                 EXPORT           USB_HP_CAN1_TX_IRQHandler  [WEA
K]
  156 00000016                 EXPORT           USB_LP_CAN1_RX0_IRQHandler [WEA
K]
  157 00000016                 EXPORT           CAN1_RX1_IRQHandler        [WEA
K]
  158 00000016                 EXPORT           CAN1_SCE_IRQHandler        [WEA
K]
  159 00000016                 EXPORT           EXTI9_5_IRQHandler         [WEA
K]



ARM Macro Assembler    Page 5 


  160 00000016                 EXPORT           TIM1_BRK_IRQHandler        [WEA
K]
  161 00000016                 EXPORT           TIM1_UP_IRQHandler         [WEA
K]
  162 00000016                 EXPORT           TIM1_TRG_COM_IRQHandler    [WEA
K]
  163 00000016                 EXPORT           TIM1_CC_IRQHandler         [WEA
K]
  164 00000016                 EXPORT           TIM2_IRQHandler            [WEA
K]
  165 00000016                 EXPORT           TIM3_IRQHandler            [WEA
K]
  166 00000016                 EXPORT           TIM4_IRQHandler            [WEA
K]
  167 00000016                 EXPORT           I2C1_EV_IRQHandler         [WEA
K]
  168 00000016                 EXPORT           I2C1_ER_IRQHandler         [WEA
K]
  169 00000016                 EXPORT           I2C2_EV_IRQHandler         [WEA
K]
  170 00000016                 EXPORT           I2C2_ER_IRQHandler         [WEA
K]
  171 00000016                 EXPORT           SPI1_IRQHandler            [WEA
K]
  172 00000016                 EXPORT           SPI2_IRQHandler            [WEA
K]
  173 00000016                 EXPORT           USART1_IRQHandler          [WEA
K]
  174 00000016                 EXPORT           USART2_IRQHandler          [WEA
K]
  175 00000016                 EXPORT           USART3_IRQHandler          [WEA
K]
  176 00000016                 EXPORT           EXTI15_10_IRQHandler       [WEA
K]
  177 00000016                 EXPORT           RTCAlarm_IRQHandler        [WEA
K]
  178 00000016                 EXPORT           USBWakeUp_IRQHandler       [WEA
K]
  179 00000016                 EXPORT           TIM8_BRK_IRQHandler        [WEA
K]
  180 00000016                 EXPORT           TIM8_UP_IRQHandler         [WEA
K]
  181 00000016                 EXPORT           TIM8_TRG_COM_IRQHandler    [WEA
K]
  182 00000016                 EXPORT           TIM8_CC_IRQHandler         [WEA
K]
  183 00000016                 EXPORT           ADC3_IRQHandler            [WEA
K]
  184 00000016                 EXPORT           FSMC_IRQHandler            [WEA
K]
  185 00000016                 EXPORT           SDIO_IRQHandler            [WEA
K]
  186 00000016                 EXPORT           TIM5_IRQHandler            [WEA
K]
  187 00000016                 EXPORT           SPI3_IRQHandler            [WEA
K]
  188 00000016                 EXPORT           UART4_IRQHandler           [WEA
K]
  189 00000016                 EXPORT           UART5_IRQHandler           [WEA



ARM Macro Assembler    Page 6 


K]
  190 00000016                 EXPORT           TIM6_IRQHandler            [WEA
K]
  191 00000016                 EXPORT           TIM7_IRQHandler            [WEA
K]
  192 00000016                 EXPORT           DMA2_Channel1_IRQHandler   [WEA
K]
  193 00000016                 EXPORT           DMA2_Channel2_IRQHandler   [WEA
K]
  194 00000016                 EXPORT           DMA2_Channel3_IRQHandler   [WEA
K]
  195 00000016                 EXPORT           DMA2_Channel4_5_IRQHandler [WEA
K]
  196 00000016         
  197 00000016         WWDG_IRQHandler
  198 00000016         PVD_IRQHandler
  199 00000016         TAMPER_IRQHandler
  200 00000016         RTC_IRQHandler
  201 00000016         FLASH_IRQHandler
  202 00000016         RCC_IRQHandler
  203 00000016         EXTI0_IRQHandler
  204 00000016         EXTI1_IRQHandler
  205 00000016         EXTI2_IRQHandler
  206 00000016         EXTI3_IRQHandler
  207 00000016         EXTI4_IRQHandler
  208 00000016         DMA1_Channel1_IRQHandler
  209 00000016         DMA1_Channel2_IRQHandler
  210 00000016         DMA1_Channel3_IRQHandler
  211 00000016         DMA1_Channel4_IRQHandler
  212 00000016         DMA1_Channel5_IRQHandler
  213 00000016         DMA1_Channel6_IRQHandler
  214 00000016         DMA1_Channel7_IRQHandler
  215 00000016         ADC1_2_IRQHandler
  216 00000016         USB_HP_CAN1_TX_IRQHandler
  217 00000016         USB_LP_CAN1_RX0_IRQHandler
  218 00000016         CAN1_RX1_IRQHandler
  219 00000016         CAN1_SCE_IRQHandler
  220 00000016         EXTI9_5_IRQHandler
  221 00000016         TIM1_BRK_IRQHandler
  222 00000016         TIM1_UP_IRQHandler
  223 00000016         TIM1_TRG_COM_IRQHandler
  224 00000016         TIM1_CC_IRQHandler
  225 00000016         TIM2_IRQHandler
  226 00000016         TIM3_IRQHandler
  227 00000016         TIM4_IRQHandler
  228 00000016         I2C1_EV_IRQHandler
  229 00000016         I2C1_ER_IRQHandler
  230 00000016         I2C2_EV_IRQHandler
  231 00000016         I2C2_ER_IRQHandler
  232 00000016         SPI1_IRQHandler
  233 00000016         SPI2_IRQHandler
  234 00000016         USART1_IRQHandler
  235 00000016         USART2_IRQHandler
  236 00000016         USART3_IRQHandler
  237 00000016         EXTI15_10_IRQHandler
  238 00000016         RTCAlarm_IRQHandler
  239 00000016         USBWakeUp_IRQHandler
  240 00000016         TIM8_BRK_IRQHandler
  241 00000016         TIM8_UP_IRQHandler



ARM Macro Assembler    Page 7 


  242 00000016         TIM8_TRG_COM_IRQHandler
  243 00000016         TIM8_CC_IRQHandler
  244 00000016         ADC3_IRQHandler
  245 00000016         FSMC_IRQHandler
  246 00000016         SDIO_IRQHandler
  247 00000016         TIM5_IRQHandler
  248 00000016         SPI3_IRQHandler
  249 00000016         UART4_IRQHandler
  250 00000016         UART5_IRQHandler
  251 00000016         TIM6_IRQHandler
  252 00000016         TIM7_IRQHandler
  253 00000016         DMA2_Channel1_IRQHandler
  254 00000016         DMA2_Channel2_IRQHandler
  255 00000016         DMA2_Channel3_IRQHandler
  256 00000016         DMA2_Channel4_5_IRQHandler
  257 00000016 E7FE            B                .
  258 00000018         
  259 00000018                 ENDP
  260 00000018         
  261 00000018                 ALIGN
  262 00000018         
  263 00000018         ;*******************************************************
                       ************************
  264 00000018         ; User Stack and Heap initialization
  265 00000018         ;*******************************************************
                       ************************
  266 00000018                 IF               :DEF:__MICROLIB
  273 00000018         
  274 00000018                 IMPORT           __use_two_region_memory
  275 00000018                 EXPORT           __user_initial_stackheap
  276 00000018         
  277 00000018         __user_initial_stackheap
  278 00000018         
  279 00000018 4803            LDR              R0, =  Heap_Mem
  280 0000001A 4904            LDR              R1, =(Stack_Mem + Stack_Size)
  281 0000001C 4A04            LDR              R2, = (Heap_Mem +  Heap_Size)
  282 0000001E 4B05            LDR              R3, = Stack_Mem
  283 00000020 4770            BX               LR
  284 00000022         
  285 00000022 00 00           ALIGN
  286 00000024         
  287 00000024                 ENDIF
  288 00000024         
  289 00000024                 END
              00000000 
              00000000 
              00000400 
              00000200 
              00000000 
Command Line: --debug --xref --cpu=Cortex-M3 --apcs=interwork --depend=..\OBJ\s
tartup_stm32f10x_hd.d -o..\OBJ\startup_stm32f10x_hd.o -ID:\ARM\Keil\ARM\RV31\IN
C -ID:\ARM\Keil\ARM\CMSIS\Include -ID:\ARM\Keil\ARM\Inc\ST\STM32F10x --list=.\s
tartup_stm32f10x_hd.lst ..\CORE\startup_stm32f10x_hd.s



ARM Macro Assembler    Page 1 Alphabetic symbol ordering
Relocatable symbols

STACK 00000000

Symbol: STACK
   Definitions
      At line 37 in file ..\CORE\startup_stm32f10x_hd.s
   Uses
      None
Comment: STACK unused
Stack_Mem 00000000

Symbol: Stack_Mem
   Definitions
      At line 38 in file ..\CORE\startup_stm32f10x_hd.s
   Uses
      At line 280 in file ..\CORE\startup_stm32f10x_hd.s
      At line 282 in file ..\CORE\startup_stm32f10x_hd.s

__initial_sp 00000400

Symbol: __initial_sp
   Definitions
      At line 39 in file ..\CORE\startup_stm32f10x_hd.s
   Uses
      None
Comment: __initial_sp unused
3 symbols



ARM Macro Assembler    Page 1 Alphabetic symbol ordering
Relocatable symbols

HEAP 00000000

Symbol: HEAP
   Definitions
      At line 47 in file ..\CORE\startup_stm32f10x_hd.s
   Uses
      None
Comment: HEAP unused
Heap_Mem 00000000

Symbol: Heap_Mem
   Definitions
      At line 49 in file ..\CORE\startup_stm32f10x_hd.s
   Uses
      At line 279 in file ..\CORE\startup_stm32f10x_hd.s
      At line 281 in file ..\CORE\startup_stm32f10x_hd.s

__heap_base 00000000

Symbol: __heap_base
   Definitions
      At line 48 in file ..\CORE\startup_stm32f10x_hd.s
   Uses
      None
Comment: __heap_base unused
__heap_limit 00000200

Symbol: __heap_limit
   Definitions
      At line 50 in file ..\CORE\startup_stm32f10x_hd.s
   Uses
      None
Comment: __heap_limit unused
4 symbols



ARM Macro Assembler    Page 1 Alphabetic symbol ordering
Relocatable symbols

RESET 00000000

Symbol: RESET
   Definitions
      At line 57 in file ..\CORE\startup_stm32f10x_hd.s
   Uses
      None
Comment: RESET unused
__Vectors 00000000

Symbol: __Vectors
   Definitions
      At line 63 in file ..\CORE\startup_stm32f10x_hd.s
   Uses
      At line 58 in file ..\CORE\startup_stm32f10x_hd.s
      At line 77 in file ..\CORE\startup_stm32f10x_hd.s

__Vectors_End 0000002C

Symbol: __Vectors_End
   Definitions
      At line 75 in file ..\CORE\startup_stm32f10x_hd.s
   Uses
      At line 59 in file ..\CORE\startup_stm32f10x_hd.s
      At line 77 in file ..\CORE\startup_stm32f10x_hd.s

3 symbols



ARM Macro Assembler    Page 1 Alphabetic symbol ordering
Relocatable symbols

.text 00000000

Symbol: .text
   Definitions
      At line 79 in file ..\CORE\startup_stm32f10x_hd.s
   Uses
      None
Comment: .text unused
ADC1_2_IRQHandler 00000016

Symbol: ADC1_2_IRQHandler
   Definitions
      At line 215 in file ..\CORE\startup_stm32f10x_hd.s
   Uses
      At line 154 in file ..\CORE\startup_stm32f10x_hd.s
Comment: ADC1_2_IRQHandler used once
ADC3_IRQHandler 00000016

Symbol: ADC3_IRQHandler
   Definitions
      At line 244 in file ..\CORE\startup_stm32f10x_hd.s
   Uses
      At line 183 in file ..\CORE\startup_stm32f10x_hd.s
Comment: ADC3_IRQHandler used once
BusFault_Handler 0000000A

Symbol: BusFault_Handler
   Definitions
      At line 107 in file ..\CORE\startup_stm32f10x_hd.s
   Uses
      At line 68 in file ..\CORE\startup_stm32f10x_hd.s
      At line 108 in file ..\CORE\startup_stm32f10x_hd.s

CAN1_RX1_IRQHandler 00000016

Symbol: CAN1_RX1_IRQHandler
   Definitions
      At line 218 in file ..\CORE\startup_stm32f10x_hd.s
   Uses
      At line 157 in file ..\CORE\startup_stm32f10x_hd.s
Comment: CAN1_RX1_IRQHandler used once
CAN1_SCE_IRQHandler 00000016

Symbol: CAN1_SCE_IRQHandler
   Definitions
      At line 219 in file ..\CORE\startup_stm32f10x_hd.s
   Uses
      At line 158 in file ..\CORE\startup_stm32f10x_hd.s
Comment: CAN1_SCE_IRQHandler used once
DMA1_Channel1_IRQHandler 00000016

Symbol: DMA1_Channel1_IRQHandler
   Definitions
      At line 208 in file ..\CORE\startup_stm32f10x_hd.s
   Uses
      At line 147 in file ..\CORE\startup_stm32f10x_hd.s
Comment: DMA1_Channel1_IRQHandler used once
DMA1_Channel2_IRQHandler 00000016




ARM Macro Assembler    Page 2 Alphabetic symbol ordering
Relocatable symbols

Symbol: DMA1_Channel2_IRQHandler
   Definitions
      At line 209 in file ..\CORE\startup_stm32f10x_hd.s
   Uses
      At line 148 in file ..\CORE\startup_stm32f10x_hd.s
Comment: DMA1_Channel2_IRQHandler used once
DMA1_Channel3_IRQHandler 00000016

Symbol: DMA1_Channel3_IRQHandler
   Definitions
      At line 210 in file ..\CORE\startup_stm32f10x_hd.s
   Uses
      At line 149 in file ..\CORE\startup_stm32f10x_hd.s
Comment: DMA1_Channel3_IRQHandler used once
DMA1_Channel4_IRQHandler 00000016

Symbol: DMA1_Channel4_IRQHandler
   Definitions
      At line 211 in file ..\CORE\startup_stm32f10x_hd.s
   Uses
      At line 150 in file ..\CORE\startup_stm32f10x_hd.s
Comment: DMA1_Channel4_IRQHandler used once
DMA1_Channel5_IRQHandler 00000016

Symbol: DMA1_Channel5_IRQHandler
   Definitions
      At line 212 in file ..\CORE\startup_stm32f10x_hd.s
   Uses
      At line 151 in file ..\CORE\startup_stm32f10x_hd.s
Comment: DMA1_Channel5_IRQHandler used once
DMA1_Channel6_IRQHandler 00000016

Symbol: DMA1_Channel6_IRQHandler
   Definitions
      At line 213 in file ..\CORE\startup_stm32f10x_hd.s
   Uses
      At line 152 in file ..\CORE\startup_stm32f10x_hd.s
Comment: DMA1_Channel6_IRQHandler used once
DMA1_Channel7_IRQHandler 00000016

Symbol: DMA1_Channel7_IRQHandler
   Definitions
      At line 214 in file ..\CORE\startup_stm32f10x_hd.s
   Uses
      At line 153 in file ..\CORE\startup_stm32f10x_hd.s
Comment: DMA1_Channel7_IRQHandler used once
DMA2_Channel1_IRQHandler 00000016

Symbol: DMA2_Channel1_IRQHandler
   Definitions
      At line 253 in file ..\CORE\startup_stm32f10x_hd.s
   Uses
      At line 192 in file ..\CORE\startup_stm32f10x_hd.s
Comment: DMA2_Channel1_IRQHandler used once
DMA2_Channel2_IRQHandler 00000016

Symbol: DMA2_Channel2_IRQHandler
   Definitions
      At line 254 in file ..\CORE\startup_stm32f10x_hd.s



ARM Macro Assembler    Page 3 Alphabetic symbol ordering
Relocatable symbols

   Uses
      At line 193 in file ..\CORE\startup_stm32f10x_hd.s
Comment: DMA2_Channel2_IRQHandler used once
DMA2_Channel3_IRQHandler 00000016

Symbol: DMA2_Channel3_IRQHandler
   Definitions
      At line 255 in file ..\CORE\startup_stm32f10x_hd.s
   Uses
      At line 194 in file ..\CORE\startup_stm32f10x_hd.s
Comment: DMA2_Channel3_IRQHandler used once
DMA2_Channel4_5_IRQHandler 00000016

Symbol: DMA2_Channel4_5_IRQHandler
   Definitions
      At line 256 in file ..\CORE\startup_stm32f10x_hd.s
   Uses
      At line 195 in file ..\CORE\startup_stm32f10x_hd.s
Comment: DMA2_Channel4_5_IRQHandler used once
DebugMon_Handler 00000010

Symbol: DebugMon_Handler
   Definitions
      At line 121 in file ..\CORE\startup_stm32f10x_hd.s
   Uses
      At line 122 in file ..\CORE\startup_stm32f10x_hd.s
Comment: DebugMon_Handler used once
Default_Handler 00000016

Symbol: Default_Handler
   Definitions
      At line 134 in file ..\CORE\startup_stm32f10x_hd.s
   Uses
      None
Comment: Default_Handler unused
EXTI0_IRQHandler 00000016

Symbol: EXTI0_IRQHandler
   Definitions
      At line 203 in file ..\CORE\startup_stm32f10x_hd.s
   Uses
      At line 142 in file ..\CORE\startup_stm32f10x_hd.s
Comment: EXTI0_IRQHandler used once
EXTI15_10_IRQHandler 00000016

Symbol: EXTI15_10_IRQHandler
   Definitions
      At line 237 in file ..\CORE\startup_stm32f10x_hd.s
   Uses
      At line 176 in file ..\CORE\startup_stm32f10x_hd.s
Comment: EXTI15_10_IRQHandler used once
EXTI1_IRQHandler 00000016

Symbol: EXTI1_IRQHandler
   Definitions
      At line 204 in file ..\CORE\startup_stm32f10x_hd.s
   Uses
      At line 143 in file ..\CORE\startup_stm32f10x_hd.s
Comment: EXTI1_IRQHandler used once



ARM Macro Assembler    Page 4 Alphabetic symbol ordering
Relocatable symbols

EXTI2_IRQHandler 00000016

Symbol: EXTI2_IRQHandler
   Definitions
      At line 205 in file ..\CORE\startup_stm32f10x_hd.s
   Uses
      At line 144 in file ..\CORE\startup_stm32f10x_hd.s
Comment: EXTI2_IRQHandler used once
EXTI3_IRQHandler 00000016

Symbol: EXTI3_IRQHandler
   Definitions
      At line 206 in file ..\CORE\startup_stm32f10x_hd.s
   Uses
      At line 145 in file ..\CORE\startup_stm32f10x_hd.s
Comment: EXTI3_IRQHandler used once
EXTI4_IRQHandler 00000016

Symbol: EXTI4_IRQHandler
   Definitions
      At line 207 in file ..\CORE\startup_stm32f10x_hd.s
   Uses
      At line 146 in file ..\CORE\startup_stm32f10x_hd.s
Comment: EXTI4_IRQHandler used once
EXTI9_5_IRQHandler 00000016

Symbol: EXTI9_5_IRQHandler
   Definitions
      At line 220 in file ..\CORE\startup_stm32f10x_hd.s
   Uses
      At line 159 in file ..\CORE\startup_stm32f10x_hd.s
Comment: EXTI9_5_IRQHandler used once
FLASH_IRQHandler 00000016

Symbol: FLASH_IRQHandler
   Definitions
      At line 201 in file ..\CORE\startup_stm32f10x_hd.s
   Uses
      At line 140 in file ..\CORE\startup_stm32f10x_hd.s
Comment: FLASH_IRQHandler used once
FSMC_IRQHandler 00000016

Symbol: FSMC_IRQHandler
   Definitions
      At line 245 in file ..\CORE\startup_stm32f10x_hd.s
   Uses
      At line 184 in file ..\CORE\startup_stm32f10x_hd.s
Comment: FSMC_IRQHandler used once
HardFault_Handler 00000006

Symbol: HardFault_Handler
   Definitions
      At line 97 in file ..\CORE\startup_stm32f10x_hd.s
   Uses
      At line 66 in file ..\CORE\startup_stm32f10x_hd.s
      At line 98 in file ..\CORE\startup_stm32f10x_hd.s

I2C1_ER_IRQHandler 00000016




ARM Macro Assembler    Page 5 Alphabetic symbol ordering
Relocatable symbols

Symbol: I2C1_ER_IRQHandler
   Definitions
      At line 229 in file ..\CORE\startup_stm32f10x_hd.s
   Uses
      At line 168 in file ..\CORE\startup_stm32f10x_hd.s
Comment: I2C1_ER_IRQHandler used once
I2C1_EV_IRQHandler 00000016

Symbol: I2C1_EV_IRQHandler
   Definitions
      At line 228 in file ..\CORE\startup_stm32f10x_hd.s
   Uses
      At line 167 in file ..\CORE\startup_stm32f10x_hd.s
Comment: I2C1_EV_IRQHandler used once
I2C2_ER_IRQHandler 00000016

Symbol: I2C2_ER_IRQHandler
   Definitions
      At line 231 in file ..\CORE\startup_stm32f10x_hd.s
   Uses
      At line 170 in file ..\CORE\startup_stm32f10x_hd.s
Comment: I2C2_ER_IRQHandler used once
I2C2_EV_IRQHandler 00000016

Symbol: I2C2_EV_IRQHandler
   Definitions
      At line 230 in file ..\CORE\startup_stm32f10x_hd.s
   Uses
      At line 169 in file ..\CORE\startup_stm32f10x_hd.s
Comment: I2C2_EV_IRQHandler used once
MemManage_Handler 00000008

Symbol: MemManage_Handler
   Definitions
      At line 102 in file ..\CORE\startup_stm32f10x_hd.s
   Uses
      At line 67 in file ..\CORE\startup_stm32f10x_hd.s
      At line 103 in file ..\CORE\startup_stm32f10x_hd.s

NMI_Handler 00000004

Symbol: NMI_Handler
   Definitions
      At line 92 in file ..\CORE\startup_stm32f10x_hd.s
   Uses
      At line 65 in file ..\CORE\startup_stm32f10x_hd.s
      At line 93 in file ..\CORE\startup_stm32f10x_hd.s

PVD_IRQHandler 00000016

Symbol: PVD_IRQHandler
   Definitions
      At line 198 in file ..\CORE\startup_stm32f10x_hd.s
   Uses
      At line 137 in file ..\CORE\startup_stm32f10x_hd.s
Comment: PVD_IRQHandler used once
PendSV_Handler 00000012

Symbol: PendSV_Handler



ARM Macro Assembler    Page 6 Alphabetic symbol ordering
Relocatable symbols

   Definitions
      At line 125 in file ..\CORE\startup_stm32f10x_hd.s
   Uses
      At line 126 in file ..\CORE\startup_stm32f10x_hd.s
Comment: PendSV_Handler used once
RCC_IRQHandler 00000016

Symbol: RCC_IRQHandler
   Definitions
      At line 202 in file ..\CORE\startup_stm32f10x_hd.s
   Uses
      At line 141 in file ..\CORE\startup_stm32f10x_hd.s
Comment: RCC_IRQHandler used once
RTCAlarm_IRQHandler 00000016

Symbol: RTCAlarm_IRQHandler
   Definitions
      At line 238 in file ..\CORE\startup_stm32f10x_hd.s
   Uses
      At line 177 in file ..\CORE\startup_stm32f10x_hd.s
Comment: RTCAlarm_IRQHandler used once
RTC_IRQHandler 00000016

Symbol: RTC_IRQHandler
   Definitions
      At line 200 in file ..\CORE\startup_stm32f10x_hd.s
   Uses
      At line 139 in file ..\CORE\startup_stm32f10x_hd.s
Comment: RTC_IRQHandler used once
Reset_Handler 00000000

Symbol: Reset_Handler
   Definitions
      At line 82 in file ..\CORE\startup_stm32f10x_hd.s
   Uses
      At line 64 in file ..\CORE\startup_stm32f10x_hd.s
      At line 83 in file ..\CORE\startup_stm32f10x_hd.s

SDIO_IRQHandler 00000016

Symbol: SDIO_IRQHandler
   Definitions
      At line 246 in file ..\CORE\startup_stm32f10x_hd.s
   Uses
      At line 185 in file ..\CORE\startup_stm32f10x_hd.s
Comment: SDIO_IRQHandler used once
SPI1_IRQHandler 00000016

Symbol: SPI1_IRQHandler
   Definitions
      At line 232 in file ..\CORE\startup_stm32f10x_hd.s
   Uses
      At line 171 in file ..\CORE\startup_stm32f10x_hd.s
Comment: SPI1_IRQHandler used once
SPI2_IRQHandler 00000016

Symbol: SPI2_IRQHandler
   Definitions
      At line 233 in file ..\CORE\startup_stm32f10x_hd.s



ARM Macro Assembler    Page 7 Alphabetic symbol ordering
Relocatable symbols

   Uses
      At line 172 in file ..\CORE\startup_stm32f10x_hd.s
Comment: SPI2_IRQHandler used once
SPI3_IRQHandler 00000016

Symbol: SPI3_IRQHandler
   Definitions
      At line 248 in file ..\CORE\startup_stm32f10x_hd.s
   Uses
      At line 187 in file ..\CORE\startup_stm32f10x_hd.s
Comment: SPI3_IRQHandler used once
SVC_Handler 0000000E

Symbol: SVC_Handler
   Definitions
      At line 116 in file ..\CORE\startup_stm32f10x_hd.s
   Uses
      At line 117 in file ..\CORE\startup_stm32f10x_hd.s
Comment: SVC_Handler used once
SysTick_Handler 00000014

Symbol: SysTick_Handler
   Definitions
      At line 129 in file ..\CORE\startup_stm32f10x_hd.s
   Uses
      At line 130 in file ..\CORE\startup_stm32f10x_hd.s
Comment: SysTick_Handler used once
TAMPER_IRQHandler 00000016

Symbol: TAMPER_IRQHandler
   Definitions
      At line 199 in file ..\CORE\startup_stm32f10x_hd.s
   Uses
      At line 138 in file ..\CORE\startup_stm32f10x_hd.s
Comment: TAMPER_IRQHandler used once
TIM1_BRK_IRQHandler 00000016

Symbol: TIM1_BRK_IRQHandler
   Definitions
      At line 221 in file ..\CORE\startup_stm32f10x_hd.s
   Uses
      At line 160 in file ..\CORE\startup_stm32f10x_hd.s
Comment: TIM1_BRK_IRQHandler used once
TIM1_CC_IRQHandler 00000016

Symbol: TIM1_CC_IRQHandler
   Definitions
      At line 224 in file ..\CORE\startup_stm32f10x_hd.s
   Uses
      At line 163 in file ..\CORE\startup_stm32f10x_hd.s
Comment: TIM1_CC_IRQHandler used once
TIM1_TRG_COM_IRQHandler 00000016

Symbol: TIM1_TRG_COM_IRQHandler
   Definitions
      At line 223 in file ..\CORE\startup_stm32f10x_hd.s
   Uses
      At line 162 in file ..\CORE\startup_stm32f10x_hd.s
Comment: TIM1_TRG_COM_IRQHandler used once



ARM Macro Assembler    Page 8 Alphabetic symbol ordering
Relocatable symbols

TIM1_UP_IRQHandler 00000016

Symbol: TIM1_UP_IRQHandler
   Definitions
      At line 222 in file ..\CORE\startup_stm32f10x_hd.s
   Uses
      At line 161 in file ..\CORE\startup_stm32f10x_hd.s
Comment: TIM1_UP_IRQHandler used once
TIM2_IRQHandler 00000016

Symbol: TIM2_IRQHandler
   Definitions
      At line 225 in file ..\CORE\startup_stm32f10x_hd.s
   Uses
      At line 164 in file ..\CORE\startup_stm32f10x_hd.s
Comment: TIM2_IRQHandler used once
TIM3_IRQHandler 00000016

Symbol: TIM3_IRQHandler
   Definitions
      At line 226 in file ..\CORE\startup_stm32f10x_hd.s
   Uses
      At line 165 in file ..\CORE\startup_stm32f10x_hd.s
Comment: TIM3_IRQHandler used once
TIM4_IRQHandler 00000016

Symbol: TIM4_IRQHandler
   Definitions
      At line 227 in file ..\CORE\startup_stm32f10x_hd.s
   Uses
      At line 166 in file ..\CORE\startup_stm32f10x_hd.s
Comment: TIM4_IRQHandler used once
TIM5_IRQHandler 00000016

Symbol: TIM5_IRQHandler
   Definitions
      At line 247 in file ..\CORE\startup_stm32f10x_hd.s
   Uses
      At line 186 in file ..\CORE\startup_stm32f10x_hd.s
Comment: TIM5_IRQHandler used once
TIM6_IRQHandler 00000016

Symbol: TIM6_IRQHandler
   Definitions
      At line 251 in file ..\CORE\startup_stm32f10x_hd.s
   Uses
      At line 190 in file ..\CORE\startup_stm32f10x_hd.s
Comment: TIM6_IRQHandler used once
TIM7_IRQHandler 00000016

Symbol: TIM7_IRQHandler
   Definitions
      At line 252 in file ..\CORE\startup_stm32f10x_hd.s
   Uses
      At line 191 in file ..\CORE\startup_stm32f10x_hd.s
Comment: TIM7_IRQHandler used once
TIM8_BRK_IRQHandler 00000016

Symbol: TIM8_BRK_IRQHandler



ARM Macro Assembler    Page 9 Alphabetic symbol ordering
Relocatable symbols

   Definitions
      At line 240 in file ..\CORE\startup_stm32f10x_hd.s
   Uses
      At line 179 in file ..\CORE\startup_stm32f10x_hd.s
Comment: TIM8_BRK_IRQHandler used once
TIM8_CC_IRQHandler 00000016

Symbol: TIM8_CC_IRQHandler
   Definitions
      At line 243 in file ..\CORE\startup_stm32f10x_hd.s
   Uses
      At line 182 in file ..\CORE\startup_stm32f10x_hd.s
Comment: TIM8_CC_IRQHandler used once
TIM8_TRG_COM_IRQHandler 00000016

Symbol: TIM8_TRG_COM_IRQHandler
   Definitions
      At line 242 in file ..\CORE\startup_stm32f10x_hd.s
   Uses
      At line 181 in file ..\CORE\startup_stm32f10x_hd.s
Comment: TIM8_TRG_COM_IRQHandler used once
TIM8_UP_IRQHandler 00000016

Symbol: TIM8_UP_IRQHandler
   Definitions
      At line 241 in file ..\CORE\startup_stm32f10x_hd.s
   Uses
      At line 180 in file ..\CORE\startup_stm32f10x_hd.s
Comment: TIM8_UP_IRQHandler used once
UART4_IRQHandler 00000016

Symbol: UART4_IRQHandler
   Definitions
      At line 249 in file ..\CORE\startup_stm32f10x_hd.s
   Uses
      At line 188 in file ..\CORE\startup_stm32f10x_hd.s
Comment: UART4_IRQHandler used once
UART5_IRQHandler 00000016

Symbol: UART5_IRQHandler
   Definitions
      At line 250 in file ..\CORE\startup_stm32f10x_hd.s
   Uses
      At line 189 in file ..\CORE\startup_stm32f10x_hd.s
Comment: UART5_IRQHandler used once
USART1_IRQHandler 00000016

Symbol: USART1_IRQHandler
   Definitions
      At line 234 in file ..\CORE\startup_stm32f10x_hd.s
   Uses
      At line 173 in file ..\CORE\startup_stm32f10x_hd.s
Comment: USART1_IRQHandler used once
USART2_IRQHandler 00000016

Symbol: USART2_IRQHandler
   Definitions
      At line 235 in file ..\CORE\startup_stm32f10x_hd.s
   Uses



ARM Macro Assembler    Page 10 Alphabetic symbol ordering
Relocatable symbols

      At line 174 in file ..\CORE\startup_stm32f10x_hd.s
Comment: USART2_IRQHandler used once
USART3_IRQHandler 00000016

Symbol: USART3_IRQHandler
   Definitions
      At line 236 in file ..\CORE\startup_stm32f10x_hd.s
   Uses
      At line 175 in file ..\CORE\startup_stm32f10x_hd.s
Comment: USART3_IRQHandler used once
USBWakeUp_IRQHandler 00000016

Symbol: USBWakeUp_IRQHandler
   Definitions
      At line 239 in file ..\CORE\startup_stm32f10x_hd.s
   Uses
      At line 178 in file ..\CORE\startup_stm32f10x_hd.s
Comment: USBWakeUp_IRQHandler used once
USB_HP_CAN1_TX_IRQHandler 00000016

Symbol: USB_HP_CAN1_TX_IRQHandler
   Definitions
      At line 216 in file ..\CORE\startup_stm32f10x_hd.s
   Uses
      At line 155 in file ..\CORE\startup_stm32f10x_hd.s
Comment: USB_HP_CAN1_TX_IRQHandler used once
USB_LP_CAN1_RX0_IRQHandler 00000016

Symbol: USB_LP_CAN1_RX0_IRQHandler
   Definitions
      At line 217 in file ..\CORE\startup_stm32f10x_hd.s
   Uses
      At line 156 in file ..\CORE\startup_stm32f10x_hd.s
Comment: USB_LP_CAN1_RX0_IRQHandler used once
UsageFault_Handler 0000000C

Symbol: UsageFault_Handler
   Definitions
      At line 112 in file ..\CORE\startup_stm32f10x_hd.s
   Uses
      At line 69 in file ..\CORE\startup_stm32f10x_hd.s
      At line 113 in file ..\CORE\startup_stm32f10x_hd.s

WWDG_IRQHandler 00000016

Symbol: WWDG_IRQHandler
   Definitions
      At line 197 in file ..\CORE\startup_stm32f10x_hd.s
   Uses
      At line 136 in file ..\CORE\startup_stm32f10x_hd.s
Comment: WWDG_IRQHandler used once
__user_initial_stackheap 00000018

Symbol: __user_initial_stackheap
   Definitions
      At line 277 in file ..\CORE\startup_stm32f10x_hd.s
   Uses
      At line 275 in file ..\CORE\startup_stm32f10x_hd.s
Comment: __user_initial_stackheap used once



ARM Macro Assembler    Page 11 Alphabetic symbol ordering
Relocatable symbols

73 symbols



ARM Macro Assembler    Page 1 Alphabetic symbol ordering
Absolute symbols

Heap_Size 00000200

Symbol: Heap_Size
   Definitions
      At line 45 in file ..\CORE\startup_stm32f10x_hd.s
   Uses
      At line 49 in file ..\CORE\startup_stm32f10x_hd.s
      At line 281 in file ..\CORE\startup_stm32f10x_hd.s

Stack_Size 00000400

Symbol: Stack_Size
   Definitions
      At line 35 in file ..\CORE\startup_stm32f10x_hd.s
   Uses
      At line 38 in file ..\CORE\startup_stm32f10x_hd.s
      At line 280 in file ..\CORE\startup_stm32f10x_hd.s

__Vectors_Size 0000002C

Symbol: __Vectors_Size
   Definitions
      At line 77 in file ..\CORE\startup_stm32f10x_hd.s
   Uses
      At line 60 in file ..\CORE\startup_stm32f10x_hd.s
Comment: __Vectors_Size used once
3 symbols



ARM Macro Assembler    Page 1 Alphabetic symbol ordering
External symbols

__use_two_region_memory 00000000

Symbol: __use_two_region_memory
   Definitions
      At line 274 in file ..\CORE\startup_stm32f10x_hd.s
   Uses
      None
Comment: __use_two_region_memory unused
led_flash 00000000

Symbol: led_flash
   Definitions
      At line 61 in file ..\CORE\startup_stm32f10x_hd.s
   Uses
      At line 63 in file ..\CORE\startup_stm32f10x_hd.s
Comment: led_flash used once
main 00000000

Symbol: main
   Definitions
      At line 84 in file ..\CORE\startup_stm32f10x_hd.s
   Uses
      At line 86 in file ..\CORE\startup_stm32f10x_hd.s
Comment: main used once
3 symbols
423 symbols in table
